<?xml version="1.0" encoding="UTF-8"?>
<!-- Generated by org.testng.reporters.JUnitReportReporter -->
<testsuite hostname="NarasimhaDevice" failures="0" tests="3" name="TestNG_package.practice3" time="34.549" errors="0" timestamp="2025-08-18T15:59:25 IST" skipped="0">
  <testcase classname="TestNG_package.practice3" name="login" time="7.295"/>
  <testcase classname="TestNG_package.practice3" name="search" time="22.093"/>
  <testcase classname="TestNG_package.practice3" name="logout" time="5.161"/>
</testsuite> <!-- TestNG_package.practice3 -->
