<?xml version="1.0" encoding="UTF-8"?>
<!-- Generated by org.testng.reporters.JUnitReportReporter -->
<testsuite hostname="NarasimhaDevice" failures="0" tests="5" name="TestNG_package.practice4" time="40.213" errors="0" timestamp="2025-08-18T14:21:05 IST" skipped="0">
  <testcase classname="TestNG_package.practice4" name="testLogin" time="7.169"/>
  <testcase classname="TestNG_package.practice4" name="testLogin" time="9.847"/>
  <testcase classname="TestNG_package.practice4" name="testLogin" time="6.531"/>
  <testcase classname="TestNG_package.practice4" name="testLogin" time="10.094"/>
  <testcase classname="TestNG_package.practice4" name="testLogin" time="6.572"/>
</testsuite> <!-- TestNG_package.practice4 -->
