<?xml version="1.0" encoding="UTF-8"?>
<!-- Generated by org.testng.reporters.JUnitReportReporter -->
<testsuite hostname="NarasimhaDevice" failures="0" tests="2" name="TestNG_package.practice5a" time="4.034" errors="0" timestamp="2025-08-18T14:33:45 IST" skipped="0">
  <testcase classname="TestNG_package.practice5a" name="testA" time="2.013"/>
  <testcase classname="TestNG_package.practice5a" name="testB" time="2.021"/>
</testsuite> <!-- TestNG_package.practice5a -->
