<?xml version="1.0" encoding="UTF-8"?>
<!-- Generated by org.testng.reporters.JUnitReportReporter -->
<testsuite hostname="NarasimhaDevice" failures="0" tests="4" name="TestNG_package.practice2" time="23.862" errors="0" timestamp="2025-08-18T14:32:33 IST" skipped="0">
  <testcase classname="TestNG_package.practice2" name="search" time="5.568"/>
  <testcase classname="TestNG_package.practice2" name="search" time="5.586"/>
  <testcase classname="TestNG_package.practice2" name="search" time="7.395"/>
  <testcase classname="TestNG_package.practice2" name="search" time="5.313"/>
</testsuite> <!-- TestNG_package.practice2 -->
