<?xml version="1.0" encoding="UTF-8"?>
<!-- Generated by org.testng.reporters.JUnitReportReporter -->
<testsuite hostname="NarasimhaDevice" failures="0" tests="2" name="TestNG_package.practice1" time="7.091" errors="0" timestamp="2025-08-18T14:32:33 IST" skipped="1">
  <testcase classname="TestNG_package.practice1" name="login" time="7.091"/>
  <testcase classname="TestNG_package.practice1" name="changeAddress">
    <skipped/>
  </testcase> <!-- changeAddress -->
</testsuite> <!-- TestNG_package.practice1 -->
