<?xml version="1.0" encoding="UTF-8"?>
<!-- Generated by org.testng.reporters.JUnitReportReporter -->
<testsuite hostname="NarasimhaDevice" failures="0" tests="3" name="TestNG_package.Ebay1_testing" time="15.288" errors="0" timestamp="2025-08-13T12:53:32 IST" skipped="0">
  <testcase classname="TestNG_package.Ebay1_testing" name="search11" time="7.240"/>
  <testcase classname="TestNG_package.Ebay1_testing" name="search" time="1.440"/>
  <testcase classname="TestNG_package.Ebay1_testing" name="search1" time="6.608"/>
</testsuite> <!-- TestNG_package.Ebay1_testing -->
