<?xml version="1.0" encoding="UTF-8"?>
<!-- Generated by org.testng.reporters.JUnitReportReporter -->
<testsuite hostname="NarasimhaDevice" failures="0" tests="3" name="TestNG_package.Ebay_testing" time="18.630" errors="0" timestamp="2025-08-13T12:26:03 IST" skipped="0">
  <testcase classname="TestNG_package.Ebay_testing" name="search11" time="8.512"/>
  <testcase classname="TestNG_package.Ebay_testing" name="search" time="2.261"/>
  <testcase classname="TestNG_package.Ebay_testing" name="search1" time="7.857"/>
</testsuite> <!-- TestNG_package.Ebay_testing -->
