<?xml version="1.0" encoding="UTF-8"?>
<!-- Generated by org.testng.reporters.JUnitReportReporter -->
<testsuite hostname="NarasimhaDevice" failures="0" tests="2" name="TestNG_package.practice5b" time="4.017" errors="0" timestamp="2025-08-18T14:33:45 IST" skipped="0">
  <testcase classname="TestNG_package.practice5b" name="testD" time="2.004"/>
  <testcase classname="TestNG_package.practice5b" name="testC" time="2.013"/>
</testsuite> <!-- TestNG_package.practice5b -->
