<?xml version="1.0" encoding="UTF-8"?>
<!-- Generated by org.testng.reporters.JUnitReportReporter -->
<testsuite hostname="NarasimhaDevice" failures="0" tests="1" name="TestNG_package.NewTest1" time="4.256" errors="0" timestamp="2025-08-16T12:31:16 IST" skipped="0">
  <testcase classname="TestNG_package.NewTest1" name="loginTest" time="4.256"/>
</testsuite> <!-- TestNG_package.NewTest1 -->
