<?xml version="1.0" encoding="UTF-8"?>
<!-- Generated by org.testng.reporters.JUnitReportReporter -->
<testsuite hostname="NarasimhaDevice" failures="0" tests="1" name="TestNG_package.BingTest" time="7.297" errors="0" timestamp="2025-08-14T13:02:16 IST" skipped="0">
  <testcase classname="TestNG_package.BingTest" name="openBing" time="7.297"/>
</testsuite> <!-- TestNG_package.BingTest -->
