<?xml version="1.0" encoding="UTF-8"?>
<!-- Generated by org.testng.reporters.JUnitReportReporter -->
<testsuite hostname="NarasimhaDevice" failures="0" tests="2" name="TestNG_package.crossbrowsing" time="16.938" errors="0" timestamp="2025-08-14T15:22:27 IST" skipped="0">
  <testcase classname="TestNG_package.crossbrowsing" name="closeBrowser" time="0.765"/>
  <testcase classname="TestNG_package.crossbrowsing" name="fire" time="16.173"/>
</testsuite> <!-- TestNG_package.crossbrowsing -->
